<?xml version="1.0" encoding="UTF-8"?>
<!-- Generated by org.testng.reporters.JUnitReportReporter -->
<testsuite skipped="0" hostname="Anubhav" name="com.carnival.pages.TC_001_Carnival" tests="1" failures="0" timestamp="15 Mar 2019 08:46:06 GMT" time="191.444" errors="0">
  <testcase name="tc001" time="191.444" classname="com.carnival.pages.TC_001_Carnival"/>
</testsuite> <!-- com.carnival.pages.TC_001_Carnival -->
